n = 5000, simulation time = 78.1145 seconds
n = 5000,threads = 1, simulation time = 84.5535 seconds
n = 5000,threads = 2, simulation time = 45.3338 seconds
n = 5000,threads = 4, simulation time = 23.8226 seconds
n = 5000,threads = 6, simulation time = 16.4056 seconds
n = 5000,threads = 12, simulation time = 8.70638 seconds
n = 5000,threads = 18, simulation time = 5.86576 seconds
n = 5000,threads = 24, simulation time = 8.62614 seconds
n = 5000,threads = 32, simulation time = 6.8432 seconds
n = 10000,threads = 2, simulation time = 179.056 seconds
n = 20000,threads = 4, simulation time = 372.332 seconds
n = 30000,threads = 6, simulation time = 571.54 seconds
n = 60000,threads = 12, simulation time = 1172.93 seconds
n = 90000,threads = 18, simulation time = 1945.88 seconds
n = 120000,threads = 24, simulation time = 3275.23 seconds
n = 160000,threads = 32, simulation time = 5710.02 seconds

Strong scaling estimates are :
    0.92    1.72    3.28    4.76    8.97   13.32    9.06   11.41 (speedup)
    0.92    0.86    0.82    0.79    0.75    0.74    0.38    0.36 (efficiency)    for
       1       2       4       6      12      18      24      32 threads/processors

Average strong scaling efficiency:    0.70 

Weak scaling estimates are :
    0.92    0.44    0.21    0.14    0.07    0.04    0.02    0.01 (efficiency)    for
       1       2       4       6      12      18      24      32 threads/processors

Average weak scaling efficiency:    0.23 

