n = 5000, simulation time = 0.889135 seconds
NThreads: 1, n = 5000, simulation time = 0.946174 seconds
NThreads: 2, n = 5000, simulation time = 0.875472 seconds
NThreads: 4, n = 5000, simulation time = 0.245574 seconds
NThreads: 6, n = 5000, simulation time = 0.19429 seconds
NThreads: 12, n = 5000, simulation time = 0.316421 seconds
NThreads: 18, n = 5000, simulation time = 12.1958 seconds
NThreads: 24, n = 5000, simulation time = 0.336097 seconds
NThreads: 32, n = 5000, simulation time = 0.431894 seconds
NThreads: 2, n = 10000, simulation time = 1.77732 seconds
NThreads: 4, n = 20000, simulation time = 2.63546 seconds
NThreads: 6, n = 30000, simulation time = 3.13197 seconds
NThreads: 12, n = 60000, simulation time = 5.6337 seconds
NThreads: 18, n = 90000, simulation time = 16.1209 seconds
NThreads: 24, n = 120000, simulation time = 7.41162 seconds
NThreads: 32, n = 160000, simulation time = 9.42872 seconds

Strong scaling estimates are :
    0.94    1.02    3.62    4.58    2.81    0.07    2.65    2.06 (speedup)
    0.94    0.51    0.91    0.76    0.23    0.00    0.11    0.06 (efficiency)    for
       1       2       4       6      12      18      24      32 threads/processors

Average strong scaling efficiency:    0.44 

Weak scaling estimates are :
    0.94    0.50    0.34    0.28    0.16    0.06    0.12    0.09 (efficiency)    for
       1       2       4       6      12      18      24      32 threads/processors

Average weak scaling efficiency:    0.31 

